<?xml version="1.0" encoding="UTF-8"?>
<!-- Generated by org.testng.reporters.JUnitReportReporter -->
<testsuite hostname="L-INE-20M4PL3" failures="0" tests="1" name="JenkinsDemo.JenkinsDemo.AssessmentQ1" time="7.046" errors="0" timestamp="2023-09-07T11:58:32 IST" skipped="0">
  <testcase classname="JenkinsDemo.JenkinsDemo.AssessmentQ1" name="f" time="7.046"/>
</testsuite> <!-- JenkinsDemo.JenkinsDemo.AssessmentQ1 -->
