<?xml version="1.0" encoding="UTF-8"?>
<!-- Generated by org.testng.reporters.JUnitReportReporter -->
<testsuite hostname="L-INE-20M4PL3" failures="0" tests="4" name="JenkinsDemo.JenkinsDemo.Godaddy" time="27.823" errors="0" timestamp="2023-09-07T12:45:36 IST" skipped="0">
  <testcase classname="JenkinsDemo.JenkinsDemo.Godaddy" name="TestCase2" time="9.015"/>
  <testcase classname="JenkinsDemo.JenkinsDemo.Godaddy" name="testcase1" time="8.398"/>
  <testcase classname="JenkinsDemo.JenkinsDemo.Godaddy" name="TestCase3" time="6.137"/>
  <testcase classname="JenkinsDemo.JenkinsDemo.Godaddy" name="TestCase4" time="4.273"/>
</testsuite> <!-- JenkinsDemo.JenkinsDemo.Godaddy -->
