<?xml version="1.0" encoding="UTF-8"?>
<!-- Generated by org.testng.reporters.JUnitReportReporter -->
<testsuite hostname="L-INE-20M4PL3" failures="0" tests="2" name="JenkinsDemo.JenkinsDemo.Orangehrmlive" time="10.563" errors="0" timestamp="2023-09-07T13:11:03 IST" skipped="0">
  <testcase classname="JenkinsDemo.JenkinsDemo.Orangehrmlive" name="TC_01" time="7.043"/>
  <testcase classname="JenkinsDemo.JenkinsDemo.Orangehrmlive" name="TC_02" time="3.520"/>
</testsuite> <!-- JenkinsDemo.JenkinsDemo.Orangehrmlive -->
