<?xml version="1.0" encoding="UTF-8"?>
<!-- Generated by org.testng.reporters.JUnitReportReporter -->
<testsuite hostname="L-INE-20M4PL3" failures="0" tests="1" name="JenkinsDemo.JenkinsDemo.AssessmentQ3" time="2.414" errors="0" timestamp="2023-09-07T12:01:35 IST" skipped="0">
  <testcase classname="JenkinsDemo.JenkinsDemo.AssessmentQ3" name="f" time="2.414"/>
</testsuite> <!-- JenkinsDemo.JenkinsDemo.AssessmentQ3 -->
