<?xml version="1.0" encoding="UTF-8"?>
<!-- Generated by org.testng.reporters.JUnitReportReporter -->
<testsuite hostname="L-INE-20M4PL3" failures="0" tests="3" name="JenkinsDemo.JenkinsDemo.Excel1" time="0.012" errors="0" timestamp="2023-09-07T09:26:00 IST" skipped="0">
  <testcase classname="JenkinsDemo.JenkinsDemo.Excel1" name="LoginUsingJXL" time="0.001"/>
  <testcase classname="JenkinsDemo.JenkinsDemo.Excel1" name="LoginUsingJXL" time="0.002"/>
  <testcase classname="JenkinsDemo.JenkinsDemo.Excel1" name="LoginUsingJXL" time="0.009"/>
</testsuite> <!-- JenkinsDemo.JenkinsDemo.Excel1 -->
