<?xml version="1.0" encoding="UTF-8"?>
<!-- Generated by org.testng.reporters.JUnitReportReporter -->
<testsuite hostname="L-INE-20M4PL3" failures="0" tests="1" name="JenkinsDemo.JenkinsDemo.Jenkins1" time="8.593" errors="0" timestamp="2023-09-05T15:23:11 IST" skipped="0">
  <testcase classname="JenkinsDemo.JenkinsDemo.Jenkins1" name="f" time="8.593"/>
</testsuite> <!-- JenkinsDemo.JenkinsDemo.Jenkins1 -->
